<?xml version="1.0" encoding="UTF-8"?>
<testsuite xmlns:xsi="http://www.w3.org/2001/XMLSchema-instance" xsi:noNamespaceSchemaLocation="https://maven.apache.org/surefire/maven-surefire-plugin/xsd/surefire-test-report.xsd" name="TestSuite" time="40.363" tests="4" errors="0" skipped="1" failures="2">
  <properties>
    <property name="java.runtime.name" value="Java(TM) SE Runtime Environment"/>
    <property name="sun.boot.library.path" value="C:\Program Files\Java\jdk1.8.0_152\jre\bin"/>
    <property name="java.vm.version" value="25.152-b16"/>
    <property name="java.vm.vendor" value="Oracle Corporation"/>
    <property name="maven.multiModuleProjectDirectory" value="F:\nhan.trong.nguyen - 6187\WorkSpace\Share\WorkSync\JavaNew\SeleniumCoreDemo"/>
    <property name="java.vendor.url" value="http://java.oracle.com/"/>
    <property name="path.separator" value=";"/>
    <property name="guice.disable.misplaced.annotation.check" value="true"/>
    <property name="java.vm.name" value="Java HotSpot(TM) 64-Bit Server VM"/>
    <property name="file.encoding.pkg" value="sun.io"/>
    <property name="user.script" value=""/>
    <property name="user.country" value="US"/>
    <property name="sun.java.launcher" value="SUN_STANDARD"/>
    <property name="sun.os.patch.level" value="Service Pack 1"/>
    <property name="java.vm.specification.name" value="Java Virtual Machine Specification"/>
    <property name="user.dir" value="F:\nhan.trong.nguyen - 6187\WorkSpace\Share\WorkSync\JavaNew\SeleniumCoreDemo"/>
    <property name="java.runtime.version" value="1.8.0_152-b16"/>
    <property name="java.awt.graphicsenv" value="sun.awt.Win32GraphicsEnvironment"/>
    <property name="java.endorsed.dirs" value="C:\Program Files\Java\jdk1.8.0_152\jre\lib\endorsed"/>
    <property name="os.arch" value="amd64"/>
    <property name="java.io.tmpdir" value="C:\Users\NHANTR~1.NGU\AppData\Local\Temp\"/>
    <property name="line.separator" value="&#10;"/>
    <property name="java.vm.specification.vendor" value="Oracle Corporation"/>
    <property name="user.variant" value=""/>
    <property name="os.name" value="Windows 7"/>
    <property name="classworlds.conf" value="F:\nhan.trong.nguyen - 6187\WorkSpace\Share\WorkSync\JavaNew\.metadata\.plugins\org.eclipse.m2e.launching\launches\m2conf1400486080303936557.tmp"/>
    <property name="sun.jnu.encoding" value="Cp1252"/>
    <property name="java.library.path" value="C:\Program Files\Java\jdk1.8.0_152\jre\bin;C:\Windows\Sun\Java\bin;C:\Windows\system32;C:\Windows;C:/Program Files/Java/jdk1.8.0_152/bin/../jre/bin/server;C:/Program Files/Java/jdk1.8.0_152/bin/../jre/bin;C:/Program Files/Java/jdk1.8.0_152/bin/../jre/lib/amd64;C:\Perl64\site\bin;C:\Perl64\bin;C:\Windows\system32;C:\Windows;C:\Windows\System32\Wbem;C:\Windows\System32\WindowsPowerShell\v1.0\;C:\Program Files (x86)\Intel\OpenCL SDK\2.0\bin\x86;C:\Program Files (x86)\Intel\OpenCL SDK\2.0\bin\x64;C:\Users\satt17.03.08\AppData\Local\Programs\Python\Python36;C:\Users\satt17.03.08\AppData\Local\Programs\Python\Python36\Scripts;C:\Program Files\Microsoft SQL Server\110\Tools\Binn\;C:\Program Files\TortoiseSVN\bin;C:\Program Files\Microsoft SQL Server\130\Tools\Binn\;F:\nhan.trong.nguyen - 6187\Libraries and plugins\Plugins\apache-maven-3.5.0\bin\;C:\Program Files\Microsoft\Web Platform Installer\;C:\Program Files (x86)\Microsoft ASP.NET\ASP.NET Web Pages\v1.0\;C:\Windows\System32\WindowsPowerShell\v1.0\;C:\Program Files\PuTTY\;C:\Program Files (x86)\Windows Kits\8.1\Windows Performance Toolkit\;D:\;C:\Program Files\Java\jdk1.8.0_152\bin\;C:\Program Files (x86)\Skype\Phone\;D:\allure-2.6.0\bin;C:\Users\nhan.trong.nguyen\.cargo\bin;C:\Users\nhan.trong.nguyen\AppData\Local\Programs\Python\Python36\Scripts\;C:\Users\nhan.trong.nguyen\AppData\Local\Programs\Python\Python36\;D:\;F:\nhan.trong.nguyen - 6187\IDE\eclipse;;."/>
    <property name="java.specification.name" value="Java Platform API Specification"/>
    <property name="java.class.version" value="52.0"/>
    <property name="sun.management.compiler" value="HotSpot 64-Bit Tiered Compilers"/>
    <property name="os.version" value="6.1"/>
    <property name="user.home" value="C:\Users\nhan.trong.nguyen"/>
    <property name="user.timezone" value="Asia/Bangkok"/>
    <property name="java.awt.printerjob" value="sun.awt.windows.WPrinterJob"/>
    <property name="java.specification.version" value="1.8"/>
    <property name="file.encoding" value="Cp1252"/>
    <property name="user.name" value="nhan.trong.nguyen"/>
    <property name="java.class.path" value="/F:/nhan.trong.nguyen - 6187/IDE/eclipse/plugins/org.eclipse.m2e.maven.runtime_1.8.0.20170516-2042/jars/plexus-classworlds-2.5.2.jar"/>
    <property name="java.vm.specification.version" value="1.8"/>
    <property name="sun.arch.data.model" value="64"/>
    <property name="java.home" value="C:\Program Files\Java\jdk1.8.0_152\jre"/>
    <property name="sun.java.command" value="org.codehaus.plexus.classworlds.launcher.Launcher -B clean test"/>
    <property name="java.specification.vendor" value="Oracle Corporation"/>
    <property name="user.language" value="en"/>
    <property name="awt.toolkit" value="sun.awt.windows.WToolkit"/>
    <property name="java.vm.info" value="mixed mode"/>
    <property name="java.version" value="1.8.0_152"/>
    <property name="java.ext.dirs" value="C:\Program Files\Java\jdk1.8.0_152\jre\lib\ext;C:\Windows\Sun\Java\lib\ext"/>
    <property name="sun.boot.class.path" value="C:\Program Files\Java\jdk1.8.0_152\jre\lib\resources.jar;C:\Program Files\Java\jdk1.8.0_152\jre\lib\rt.jar;C:\Program Files\Java\jdk1.8.0_152\jre\lib\sunrsasign.jar;C:\Program Files\Java\jdk1.8.0_152\jre\lib\jsse.jar;C:\Program Files\Java\jdk1.8.0_152\jre\lib\jce.jar;C:\Program Files\Java\jdk1.8.0_152\jre\lib\charsets.jar;C:\Program Files\Java\jdk1.8.0_152\jre\lib\jfr.jar;C:\Program Files\Java\jdk1.8.0_152\jre\classes"/>
    <property name="java.vendor" value="Oracle Corporation"/>
    <property name="maven.home" value="F:\nhan.trong.nguyen - 6187\WorkSpace\Share\WorkSync\JavaNew\SeleniumCoreDemo\EMBEDDED"/>
    <property name="file.separator" value="\"/>
    <property name="java.vendor.url.bug" value="http://bugreport.sun.com/bugreport/"/>
    <property name="sun.cpu.endian" value="little"/>
    <property name="sun.io.unicode.encoding" value="UnicodeLittle"/>
    <property name="sun.desktop" value="windows"/>
    <property name="sun.cpu.isalist" value="amd64"/>
  </properties>
  <testcase name="loginSuccessfully" classname="yahoo.testcases.LoginSuccessfully" time="14.995"/>
  <testcase name="loginSuccessfully" classname="yahoo.testcases.LoginSuccessfully2" time="7.352">
    <failure message="expected [2] but found [1]" type="java.lang.AssertionError">java.lang.AssertionError: expected [2] but found [1]
	at yahoo.testcases.LoginSuccessfully2.loginSuccessfully(LoginSuccessfully2.java:23)
</failure>
    <system-out><![CDATA[Executing: [quit browser]
Done: [quit browser]
[STEP] Init driver on WINDOWS.

[STEP] Init Web driver for browser CHROME on WINDOWS.

Picking up Chrome executable at C:\chromedriver.exe
[Element]Executing: send "[Ljava.lang.CharSequence;@53b1a3f8" to: By.id: login-username
Executing: [find element: By.id: login-username]
Done: [find element: By.id: login-username]
[Element]Done: send "[Ljava.lang.CharSequence;@53b1a3f8" to: By.id: login-username
Executing: [find element: By.id: login-signin]
Done: [find element: By.id: login-signin]
[Element]Executing: click: By.id: login-signin
[Element]Done: click: By.id: login-signin
[Element]Executing: send "[Ljava.lang.CharSequence;@d3f4505" to: By.id: login-passwd
Executing: [find element: By.id: login-passwd]
Done: [find element: By.id: login-passwd]
[Element]Done: send "[Ljava.lang.CharSequence;@d3f4505" to: By.id: login-passwd
Executing: [find element: By.id: login-signin]
Done: [find element: By.id: login-signin]
[Element]Executing: click: By.id: login-signin
[Element]Done: click: By.id: login-signin
]]></system-out>
    <system-err><![CDATA[Starting ChromeDriver 2.33.506120 (e3e53437346286c0bc2d2dc9aa4915ba81d9023f) on port 22496
Only local connections are allowed.
]]></system-err>
  </testcase>
  <testcase name="beforeMethod" classname="yahoo.testcases.LoginSuccessfully3" time="8.091">
    <failure type="java.lang.NullPointerException">java.lang.NullPointerException
</failure>
    <system-out><![CDATA[Executing: [quit browser]
Done: [quit browser]
[STEP] Init driver on null.

]]></system-out>
  </testcase>
  <testcase name="loginSuccessfully" classname="yahoo.testcases.LoginSuccessfully3" time="0">
    <skipped/>
  </testcase>
</testsuite>