<?xml version="1.0" encoding="UTF-8"?>
<!-- Generated by org.testng.reporters.JUnitReportReporter -->
<testsuite skipped="0" hostname="lgvn14127" name="yahoo.testcases.LoginSuccessfully" tests="1" failures="0" timestamp="19 Mar 2018 03:21:31 GMT" time="20.744" errors="0">
  <testcase name="loginSuccessfully" time="20.744" classname="yahoo.testcases.LoginSuccessfully"/>
</testsuite> <!-- yahoo.testcases.LoginSuccessfully -->
