<?xml version="1.0" encoding="UTF-8"?>
<!-- Generated by org.testng.reporters.JUnitReportReporter -->
<testsuite skipped="0" hostname="lgvn14127" name="yahoo.testcases.LoginSuccessfully" tests="1" failures="0" timestamp="04 Aug 2017 04:45:00 GMT" time="117.803" errors="0">
  <testcase name="loginSuccessfully" time="117.803" classname="yahoo.testcases.LoginSuccessfully"/>
</testsuite> <!-- yahoo.testcases.LoginSuccessfully -->
